MyURJC/android/capacitor-cordova-android-plugins/build/outputs/logs/manifest-merger-debug-report.txt
-- Merging decision tree log ---
manifest
ADDED from src/main/AndroidManifest.xml:2:1-14:12
INJECTED from src/main/AndroidManifest.xml:2:1-14:12
	package
		INJECTED from src/main/AndroidManifest.xml
	xmlns:amazon
		ADDED from src/main/AndroidManifest.xml:3:1-57
	xmlns:android
		ADDED from src/main/AndroidManifest.xml:2:11-69
application
ADDED from src/main/AndroidManifest.xml:4:1-6:15
	android:usesCleartextTraffic
		ADDED from src/main/AndroidManifest.xml:4:15-50
uses-permission#android.permission.BLUETOOTH
ADDED from src/main/AndroidManifest.xml:7:1-63
	android:name
		ADDED from src/main/AndroidManifest.xml:7:18-61
uses-permission#android.permission.BLUETOOTH_ADMIN
ADDED from src/main/AndroidManifest.xml:8:1-69
	android:name
		ADDED from src/main/AndroidManifest.xml:8:18-67
uses-permission#android.permission.BLUETOOTH_SCAN
ADDED from src/main/AndroidManifest.xml:9:1-68
	android:name
		ADDED from src/main/AndroidManifest.xml:9:18-66
uses-permission#android.permission.BLUETOOTH_CONNECT
ADDED from src/main/AndroidManifest.xml:10:1-71
	android:name
		ADDED from src/main/AndroidManifest.xml:10:18-69
uses-permission#android.permission.BLUETOOTH_ADVERTISE
ADDED from src/main/AndroidManifest.xml:11:1-73
	android:name
		ADDED from src/main/AndroidManifest.xml:11:18-71
uses-permission#android.permission.ACCESS_FINE_LOCATION
ADDED from src/main/AndroidManifest.xml:12:1-74
	android:name
		ADDED from src/main/AndroidManifest.xml:12:18-72
uses-permission#android.permission.ACCESS_COARSE_LOCATION
ADDED from src/main/AndroidManifest.xml:13:1-76
	android:name
		ADDED from src/main/AndroidManifest.xml:13:18-74
uses-sdk
INJECTED from src/main/AndroidManifest.xml reason: use-sdk injection requested
INJECTED from src/main/AndroidManifest.xml
INJECTED from src/main/AndroidManifest.xml
	android:targetSdkVersion
		INJECTED from src/main/AndroidManifest.xml
	android:minSdkVersion
		INJECTED from src/main/AndroidManifest.xml